<?xml version="1.0" encoding="UTF-8"?>
<robot generator="Robot 7.1.1 (Python 3.10.12 on linux)" generated="2024-11-14T18:22:13.378033" rpa="false" schemaversion="5">
<suite id="s1" name="Tests" source="/home/aurouvar/webcounter/src/tests">
<suite id="s1-s1" name="Increment" source="/home/aurouvar/webcounter/src/tests/increment.robot">
<kw name="Open And Configure Browser" owner="resource" type="SETUP">
<if>
<branch type="IF" condition="$BROWSER == 'chrome'">
<kw name="Evaluate" owner="BuiltIn">
<msg time="2024-11-14T18:22:13.455546" level="INFO">${options} = &lt;selenium.webdriver.chrome.options.Options object at 0x7065565d1480&gt;</msg>
<var>${options}</var>
<arg>sys.modules['selenium.webdriver'].ChromeOptions()</arg>
<arg>sys</arg>
<doc>Evaluates the given expression in Python and returns the result.</doc>
<status status="PASS" start="2024-11-14T18:22:13.455288" elapsed="0.000289"/>
</kw>
<status status="PASS" start="2024-11-14T18:22:13.453168" elapsed="0.002469"/>
</branch>
<branch type="ELSE IF" condition="$BROWSER == 'firefox'">
<kw name="Evaluate" owner="BuiltIn">
<var>${options}</var>
<arg>sys.modules['selenium.webdriver'].FirefoxOptions()</arg>
<arg>sys</arg>
<doc>Evaluates the given expression in Python and returns the result.</doc>
<status status="NOT RUN" start="2024-11-14T18:22:13.455776" elapsed="0.000032"/>
</kw>
<status status="NOT RUN" start="2024-11-14T18:22:13.455674" elapsed="0.000177"/>
</branch>
<status status="PASS" start="2024-11-14T18:22:13.453149" elapsed="0.002732"/>
</if>
<if>
<branch type="IF" condition="$HEADLESS == 'true'">
<kw name="Set Selenium Speed" owner="SeleniumLibrary">
<arg>0</arg>
<doc>Sets the delay that is waited after each Selenium command.</doc>
<status status="NOT RUN" start="2024-11-14T18:22:13.456075" elapsed="0.000020"/>
</kw>
<kw name="Call Method" owner="BuiltIn">
<arg>${options}</arg>
<arg>add_argument</arg>
<arg>--headless</arg>
<doc>Calls the named method of the given object with the provided arguments.</doc>
<status status="NOT RUN" start="2024-11-14T18:22:13.456160" elapsed="0.000016"/>
</kw>
<status status="NOT RUN" start="2024-11-14T18:22:13.455939" elapsed="0.000263"/>
</branch>
<branch type="ELSE">
<kw name="Set Selenium Speed" owner="SeleniumLibrary">
<arg>${DELAY}</arg>
<doc>Sets the delay that is waited after each Selenium command.</doc>
<status status="PASS" start="2024-11-14T18:22:13.456273" elapsed="0.000197"/>
</kw>
<status status="PASS" start="2024-11-14T18:22:13.456221" elapsed="0.000282"/>
</branch>
<status status="PASS" start="2024-11-14T18:22:13.455925" elapsed="0.000598"/>
</if>
<kw name="Open Browser" owner="SeleniumLibrary">
<msg time="2024-11-14T18:22:13.456758" level="INFO">Opening browser 'chrome' to base url 'None'.</msg>
<msg time="2024-11-14T18:22:13.494455" level="WARN">The chromedriver version (130.0.6723.91) detected in PATH at /usr/bin/chromedriver might not be compatible with the detected chrome version (131.0.6778.69); currently, chromedriver 131.0.6778.69 is recommended for chrome 131.*, so it is advised to delete the driver in PATH and retry</msg>
<arg>browser=${BROWSER}</arg>
<arg>options=${options}</arg>
<doc>Opens a new browser instance to the optional ``url``.</doc>
<status status="PASS" start="2024-11-14T18:22:13.456589" elapsed="0.363370"/>
</kw>
<status status="PASS" start="2024-11-14T18:22:13.453007" elapsed="0.367078"/>
</kw>
<test id="s1-s1-t1" name="At start the counter is zero" line="7">
<kw name="Go To" owner="SeleniumLibrary">
<msg time="2024-11-14T18:22:13.820672" level="INFO">Opening url 'http://localhost:5001'</msg>
<arg>${HOME_URL}</arg>
<doc>Navigates the current browser window to the provided ``url``.</doc>
<status status="PASS" start="2024-11-14T18:22:13.820515" elapsed="0.538203"/>
</kw>
<kw name="Title Should Be" owner="SeleniumLibrary">
<msg time="2024-11-14T18:22:14.875342" level="INFO">Page title is 'Laskuri'.</msg>
<arg>Laskuri</arg>
<doc>Verifies that the current page title equals ``title``.</doc>
<status status="PASS" start="2024-11-14T18:22:14.359916" elapsed="0.515850"/>
</kw>
<kw name="Page Should Contain" owner="SeleniumLibrary">
<msg time="2024-11-14T18:22:15.907217" level="INFO">Current page contains text 'nappia painettu 0 kertaa'.</msg>
<arg>nappia painettu 0 kertaa</arg>
<doc>Verifies that current page contains ``text``.</doc>
<status status="PASS" start="2024-11-14T18:22:14.876496" elapsed="1.031091"/>
</kw>
<status status="PASS" start="2024-11-14T18:22:13.820169" elapsed="2.088001"/>
</test>
<test id="s1-s1-t2" name="When button pressed twice the counter is two" line="12">
<kw name="Go To" owner="SeleniumLibrary">
<msg time="2024-11-14T18:22:15.910184" level="INFO">Opening url 'http://localhost:5001'</msg>
<arg>${HOME_URL}</arg>
<doc>Navigates the current browser window to the provided ``url``.</doc>
<status status="PASS" start="2024-11-14T18:22:15.909722" elapsed="0.533246"/>
</kw>
<kw name="Click Button" owner="SeleniumLibrary">
<msg time="2024-11-14T18:22:16.445893" level="INFO">Clicking button 'Paina'.</msg>
<arg>Paina</arg>
<doc>Clicks the button identified by ``locator``.</doc>
<status status="PASS" start="2024-11-14T18:22:16.444521" elapsed="1.626717"/>
</kw>
<kw name="Click Button" owner="SeleniumLibrary">
<msg time="2024-11-14T18:22:18.073325" level="INFO">Clicking button 'Paina'.</msg>
<arg>Paina</arg>
<doc>Clicks the button identified by ``locator``.</doc>
<status status="PASS" start="2024-11-14T18:22:18.072554" elapsed="1.582446"/>
</kw>
<kw name="Page Should Contain" owner="SeleniumLibrary">
<msg time="2024-11-14T18:22:20.690688" level="INFO">Current page contains text 'nappia painettu 2 kertaa'.</msg>
<arg>nappia painettu 2 kertaa</arg>
<doc>Verifies that current page contains ``text``.</doc>
<status status="PASS" start="2024-11-14T18:22:19.656244" elapsed="1.035359"/>
</kw>
<status status="PASS" start="2024-11-14T18:22:15.908797" elapsed="4.784065"/>
</test>
<kw name="Close Browser" owner="SeleniumLibrary" type="TEARDOWN">
<doc>Closes the current browser.</doc>
<status status="PASS" start="2024-11-14T18:22:20.695181" elapsed="0.562175"/>
</kw>
<status status="PASS" start="2024-11-14T18:22:13.388947" elapsed="7.868762"/>
</suite>
<suite id="s1-s2" name="Reset" source="/home/aurouvar/webcounter/src/tests/reset.robot">
<kw name="Open And Configure Browser" owner="resource" type="SETUP">
<if>
<branch type="IF" condition="$BROWSER == 'chrome'">
<kw name="Evaluate" owner="BuiltIn">
<msg time="2024-11-14T18:22:21.266243" level="INFO">${options} = &lt;selenium.webdriver.chrome.options.Options object at 0x706556465540&gt;</msg>
<var>${options}</var>
<arg>sys.modules['selenium.webdriver'].ChromeOptions()</arg>
<arg>sys</arg>
<doc>Evaluates the given expression in Python and returns the result.</doc>
<status status="PASS" start="2024-11-14T18:22:21.265860" elapsed="0.000432"/>
</kw>
<status status="PASS" start="2024-11-14T18:22:21.265479" elapsed="0.000923"/>
</branch>
<branch type="ELSE IF" condition="$BROWSER == 'firefox'">
<kw name="Evaluate" owner="BuiltIn">
<var>${options}</var>
<arg>sys.modules['selenium.webdriver'].FirefoxOptions()</arg>
<arg>sys</arg>
<doc>Evaluates the given expression in Python and returns the result.</doc>
<status status="NOT RUN" start="2024-11-14T18:22:21.266615" elapsed="0.000041"/>
</kw>
<status status="NOT RUN" start="2024-11-14T18:22:21.266467" elapsed="0.000259"/>
</branch>
<status status="PASS" start="2024-11-14T18:22:21.265445" elapsed="0.001329"/>
</if>
<if>
<branch type="IF" condition="$HEADLESS == 'true'">
<kw name="Set Selenium Speed" owner="SeleniumLibrary">
<arg>0</arg>
<doc>Sets the delay that is waited after each Selenium command.</doc>
<status status="NOT RUN" start="2024-11-14T18:22:21.267096" elapsed="0.000035"/>
</kw>
<kw name="Call Method" owner="BuiltIn">
<arg>${options}</arg>
<arg>add_argument</arg>
<arg>--headless</arg>
<doc>Calls the named method of the given object with the provided arguments.</doc>
<status status="NOT RUN" start="2024-11-14T18:22:21.267251" elapsed="0.000032"/>
</kw>
<status status="NOT RUN" start="2024-11-14T18:22:21.266845" elapsed="0.000495"/>
</branch>
<branch type="ELSE">
<kw name="Set Selenium Speed" owner="SeleniumLibrary">
<arg>${DELAY}</arg>
<doc>Sets the delay that is waited after each Selenium command.</doc>
<status status="PASS" start="2024-11-14T18:22:21.267498" elapsed="0.000270"/>
</kw>
<status status="PASS" start="2024-11-14T18:22:21.267392" elapsed="0.000508"/>
</branch>
<status status="PASS" start="2024-11-14T18:22:21.266827" elapsed="0.001120"/>
</if>
<kw name="Open Browser" owner="SeleniumLibrary">
<msg time="2024-11-14T18:22:21.268376" level="INFO">Opening browser 'chrome' to base url 'None'.</msg>
<msg time="2024-11-14T18:22:21.308100" level="WARN">The chromedriver version (130.0.6723.91) detected in PATH at /usr/bin/chromedriver might not be compatible with the detected chrome version (131.0.6778.69); currently, chromedriver 131.0.6778.69 is recommended for chrome 131.*, so it is advised to delete the driver in PATH and retry</msg>
<arg>browser=${BROWSER}</arg>
<arg>options=${options}</arg>
<doc>Opens a new browser instance to the optional ``url``.</doc>
<status status="PASS" start="2024-11-14T18:22:21.268071" elapsed="0.386469"/>
</kw>
<status status="PASS" start="2024-11-14T18:22:21.265185" elapsed="0.389484"/>
</kw>
<test id="s1-s2-t1" name="When counter has a nonzero value and it is reset the value becomes zero" line="7">
<kw name="Go To" owner="SeleniumLibrary">
<msg time="2024-11-14T18:22:21.655240" level="INFO">Opening url 'http://localhost:5001'</msg>
<arg>${HOME_URL}</arg>
<doc>Navigates the current browser window to the provided ``url``.</doc>
<status status="PASS" start="2024-11-14T18:22:21.655095" elapsed="0.567029"/>
</kw>
<kw name="Click Button" owner="SeleniumLibrary">
<msg time="2024-11-14T18:22:22.224438" level="INFO">Clicking button 'Nollaa'.</msg>
<arg>Nollaa</arg>
<doc>Clicks the button identified by ``locator``.</doc>
<status status="PASS" start="2024-11-14T18:22:22.223540" elapsed="1.622066"/>
</kw>
<kw name="Page Should Contain" owner="SeleniumLibrary">
<msg time="2024-11-14T18:22:24.881464" level="INFO">Current page contains text 'nappia painettu 0 kertaa'.</msg>
<arg>nappia painettu 0 kertaa</arg>
<doc>Verifies that current page contains ``text``.</doc>
<status status="PASS" start="2024-11-14T18:22:23.847262" elapsed="1.034420"/>
</kw>
<status status="PASS" start="2024-11-14T18:22:21.654750" elapsed="3.227199"/>
</test>
<kw name="Close Browser" owner="SeleniumLibrary" type="TEARDOWN">
<doc>Closes the current browser.</doc>
<status status="PASS" start="2024-11-14T18:22:24.882333" elapsed="0.560711"/>
</kw>
<status status="PASS" start="2024-11-14T18:22:21.259883" elapsed="4.183481"/>
</suite>
<status status="PASS" start="2024-11-14T18:22:13.378727" elapsed="12.067018"/>
</suite>
<statistics>
<total>
<stat pass="3" fail="0" skip="0">All Tests</stat>
</total>
<tag>
</tag>
<suite>
<stat pass="3" fail="0" skip="0" id="s1" name="Tests">Tests</stat>
<stat pass="2" fail="0" skip="0" id="s1-s1" name="Increment">Tests.Increment</stat>
<stat pass="1" fail="0" skip="0" id="s1-s2" name="Reset">Tests.Reset</stat>
</suite>
</statistics>
<errors>
<msg time="2024-11-14T18:22:13.494455" level="WARN">The chromedriver version (130.0.6723.91) detected in PATH at /usr/bin/chromedriver might not be compatible with the detected chrome version (131.0.6778.69); currently, chromedriver 131.0.6778.69 is recommended for chrome 131.*, so it is advised to delete the driver in PATH and retry</msg>
<msg time="2024-11-14T18:22:21.308100" level="WARN">The chromedriver version (130.0.6723.91) detected in PATH at /usr/bin/chromedriver might not be compatible with the detected chrome version (131.0.6778.69); currently, chromedriver 131.0.6778.69 is recommended for chrome 131.*, so it is advised to delete the driver in PATH and retry</msg>
</errors>
</robot>
