<?xml version="1.0" encoding="UTF-8"?>
<robot generator="Robot 7.1.1 (Python 3.10.12 on linux)" generated="2024-11-14T19:17:23.247135" rpa="false" schemaversion="5">
<suite id="s1" name="Tests" source="/home/aurouvar/webcounter/src/tests">
<suite id="s1-s1" name="Increment" source="/home/aurouvar/webcounter/src/tests/increment.robot">
<kw name="Open And Configure Browser" owner="resource" type="SETUP">
<if>
<branch type="IF" condition="$BROWSER == 'chrome'">
<kw name="Evaluate" owner="BuiltIn">
<msg time="2024-11-14T19:17:23.323249" level="INFO">${options} = &lt;selenium.webdriver.chrome.options.Options object at 0x71af42831480&gt;</msg>
<var>${options}</var>
<arg>sys.modules['selenium.webdriver'].ChromeOptions()</arg>
<arg>sys</arg>
<doc>Evaluates the given expression in Python and returns the result.</doc>
<status status="PASS" start="2024-11-14T19:17:23.322896" elapsed="0.000408"/>
</kw>
<status status="PASS" start="2024-11-14T19:17:23.321066" elapsed="0.002309"/>
</branch>
<branch type="ELSE IF" condition="$BROWSER == 'firefox'">
<kw name="Evaluate" owner="BuiltIn">
<var>${options}</var>
<arg>sys.modules['selenium.webdriver'].FirefoxOptions()</arg>
<arg>sys</arg>
<doc>Evaluates the given expression in Python and returns the result.</doc>
<status status="NOT RUN" start="2024-11-14T19:17:23.323527" elapsed="0.000020"/>
</kw>
<status status="NOT RUN" start="2024-11-14T19:17:23.323427" elapsed="0.000150"/>
</branch>
<status status="PASS" start="2024-11-14T19:17:23.321048" elapsed="0.002548"/>
</if>
<if>
<branch type="IF" condition="$HEADLESS == 'true'">
<kw name="Set Selenium Speed" owner="SeleniumLibrary">
<arg>0</arg>
<doc>Sets the delay that is waited after each Selenium command.</doc>
<status status="PASS" start="2024-11-14T19:17:23.323758" elapsed="0.000134"/>
</kw>
<kw name="Call Method" owner="BuiltIn">
<arg>${options}</arg>
<arg>add_argument</arg>
<arg>--headless</arg>
<doc>Calls the named method of the given object with the provided arguments.</doc>
<status status="PASS" start="2024-11-14T19:17:23.323967" elapsed="0.000098"/>
</kw>
<status status="PASS" start="2024-11-14T19:17:23.323633" elapsed="0.000464"/>
</branch>
<branch type="ELSE">
<kw name="Set Selenium Speed" owner="SeleniumLibrary">
<arg>${DELAY}</arg>
<doc>Sets the delay that is waited after each Selenium command.</doc>
<status status="NOT RUN" start="2024-11-14T19:17:23.324175" elapsed="0.000015"/>
</kw>
<status status="NOT RUN" start="2024-11-14T19:17:23.324118" elapsed="0.000095"/>
</branch>
<status status="PASS" start="2024-11-14T19:17:23.323623" elapsed="0.000606"/>
</if>
<kw name="Open Browser" owner="SeleniumLibrary">
<msg time="2024-11-14T19:17:23.324457" level="INFO">Opening browser 'chrome' to base url 'None'.</msg>
<msg time="2024-11-14T19:17:23.358598" level="WARN">The chromedriver version (130.0.6723.91) detected in PATH at /usr/bin/chromedriver might not be compatible with the detected chrome version (131.0.6778.69); currently, chromedriver 131.0.6778.69 is recommended for chrome 131.*, so it is advised to delete the driver in PATH and retry</msg>
<arg>browser=${BROWSER}</arg>
<arg>options=${options}</arg>
<doc>Opens a new browser instance to the optional ``url``.</doc>
<status status="PASS" start="2024-11-14T19:17:23.324286" elapsed="0.199434"/>
</kw>
<status status="PASS" start="2024-11-14T19:17:23.320910" elapsed="0.202932"/>
</kw>
<test id="s1-s1-t1" name="At start the counter is zero" line="7">
<kw name="Go To" owner="SeleniumLibrary">
<msg time="2024-11-14T19:17:23.524416" level="INFO">Opening url 'http://localhost:5001'</msg>
<arg>${HOME_URL}</arg>
<doc>Navigates the current browser window to the provided ``url``.</doc>
<status status="PASS" start="2024-11-14T19:17:23.524252" elapsed="0.029163"/>
</kw>
<kw name="Title Should Be" owner="SeleniumLibrary">
<msg time="2024-11-14T19:17:23.557774" level="INFO">Page title is 'Laskuri'.</msg>
<arg>Laskuri</arg>
<doc>Verifies that the current page title equals ``title``.</doc>
<status status="PASS" start="2024-11-14T19:17:23.553745" elapsed="0.004140"/>
</kw>
<kw name="Page Should Contain" owner="SeleniumLibrary">
<msg time="2024-11-14T19:17:23.568332" level="INFO">Current page contains text 'nappia painettu 0 kertaa'.</msg>
<arg>nappia painettu 0 kertaa</arg>
<doc>Verifies that current page contains ``text``.</doc>
<status status="PASS" start="2024-11-14T19:17:23.558135" elapsed="0.010403"/>
</kw>
<status status="PASS" start="2024-11-14T19:17:23.523923" elapsed="0.044887"/>
</test>
<test id="s1-s1-t2" name="When button pressed twice the counter is two" line="12">
<kw name="Go To" owner="SeleniumLibrary">
<msg time="2024-11-14T19:17:23.569573" level="INFO">Opening url 'http://localhost:5001'</msg>
<arg>${HOME_URL}</arg>
<doc>Navigates the current browser window to the provided ``url``.</doc>
<status status="PASS" start="2024-11-14T19:17:23.569373" elapsed="0.009758"/>
</kw>
<kw name="Click Button" owner="SeleniumLibrary">
<msg time="2024-11-14T19:17:23.579731" level="INFO">Clicking button 'Paina'.</msg>
<arg>Paina</arg>
<doc>Clicks the button identified by ``locator``.</doc>
<status status="PASS" start="2024-11-14T19:17:23.579445" elapsed="0.048650"/>
</kw>
<kw name="Click Button" owner="SeleniumLibrary">
<msg time="2024-11-14T19:17:23.628635" level="INFO">Clicking button 'Paina'.</msg>
<arg>Paina</arg>
<doc>Clicks the button identified by ``locator``.</doc>
<status status="PASS" start="2024-11-14T19:17:23.628447" elapsed="0.040521"/>
</kw>
<kw name="Page Should Contain" owner="SeleniumLibrary">
<msg time="2024-11-14T19:17:23.679250" level="INFO">Current page contains text 'nappia painettu 2 kertaa'.</msg>
<arg>nappia painettu 2 kertaa</arg>
<doc>Verifies that current page contains ``text``.</doc>
<status status="PASS" start="2024-11-14T19:17:23.669267" elapsed="0.010083"/>
</kw>
<status status="PASS" start="2024-11-14T19:17:23.569051" elapsed="0.110512"/>
</test>
<kw name="Close Browser" owner="SeleniumLibrary" type="TEARDOWN">
<doc>Closes the current browser.</doc>
<status status="PASS" start="2024-11-14T19:17:23.679990" elapsed="0.057850"/>
</kw>
<status status="PASS" start="2024-11-14T19:17:23.257784" elapsed="0.480171"/>
</suite>
<suite id="s1-s2" name="Reset" source="/home/aurouvar/webcounter/src/tests/reset.robot">
<kw name="Open And Configure Browser" owner="resource" type="SETUP">
<if>
<branch type="IF" condition="$BROWSER == 'chrome'">
<kw name="Evaluate" owner="BuiltIn">
<msg time="2024-11-14T19:17:23.741697" level="INFO">${options} = &lt;selenium.webdriver.chrome.options.Options object at 0x71af426c9540&gt;</msg>
<var>${options}</var>
<arg>sys.modules['selenium.webdriver'].ChromeOptions()</arg>
<arg>sys</arg>
<doc>Evaluates the given expression in Python and returns the result.</doc>
<status status="PASS" start="2024-11-14T19:17:23.741278" elapsed="0.000479"/>
</kw>
<status status="PASS" start="2024-11-14T19:17:23.741059" elapsed="0.000811"/>
</branch>
<branch type="ELSE IF" condition="$BROWSER == 'firefox'">
<kw name="Evaluate" owner="BuiltIn">
<var>${options}</var>
<arg>sys.modules['selenium.webdriver'].FirefoxOptions()</arg>
<arg>sys</arg>
<doc>Evaluates the given expression in Python and returns the result.</doc>
<status status="NOT RUN" start="2024-11-14T19:17:23.742120" elapsed="0.000046"/>
</kw>
<status status="NOT RUN" start="2024-11-14T19:17:23.741938" elapsed="0.000308"/>
</branch>
<status status="PASS" start="2024-11-14T19:17:23.741040" elapsed="0.001262"/>
</if>
<if>
<branch type="IF" condition="$HEADLESS == 'true'">
<kw name="Set Selenium Speed" owner="SeleniumLibrary">
<arg>0</arg>
<doc>Sets the delay that is waited after each Selenium command.</doc>
<status status="PASS" start="2024-11-14T19:17:23.742761" elapsed="0.000192"/>
</kw>
<kw name="Call Method" owner="BuiltIn">
<arg>${options}</arg>
<arg>add_argument</arg>
<arg>--headless</arg>
<doc>Calls the named method of the given object with the provided arguments.</doc>
<status status="PASS" start="2024-11-14T19:17:23.743072" elapsed="0.000133"/>
</kw>
<status status="PASS" start="2024-11-14T19:17:23.742399" elapsed="0.000854"/>
</branch>
<branch type="ELSE">
<kw name="Set Selenium Speed" owner="SeleniumLibrary">
<arg>${DELAY}</arg>
<doc>Sets the delay that is waited after each Selenium command.</doc>
<status status="NOT RUN" start="2024-11-14T19:17:23.743364" elapsed="0.000028"/>
</kw>
<status status="NOT RUN" start="2024-11-14T19:17:23.743284" elapsed="0.000192"/>
</branch>
<status status="PASS" start="2024-11-14T19:17:23.742366" elapsed="0.001136"/>
</if>
<kw name="Open Browser" owner="SeleniumLibrary">
<msg time="2024-11-14T19:17:23.743795" level="INFO">Opening browser 'chrome' to base url 'None'.</msg>
<msg time="2024-11-14T19:17:23.788732" level="WARN">The chromedriver version (130.0.6723.91) detected in PATH at /usr/bin/chromedriver might not be compatible with the detected chrome version (131.0.6778.69); currently, chromedriver 131.0.6778.69 is recommended for chrome 131.*, so it is advised to delete the driver in PATH and retry</msg>
<arg>browser=${BROWSER}</arg>
<arg>options=${options}</arg>
<doc>Opens a new browser instance to the optional ``url``.</doc>
<status status="PASS" start="2024-11-14T19:17:23.743585" elapsed="0.231723"/>
</kw>
<status status="PASS" start="2024-11-14T19:17:23.740886" elapsed="0.234544"/>
</kw>
<test id="s1-s2-t1" name="When counter has a nonzero value and it is reset the value becomes zero" line="7">
<kw name="Go To" owner="SeleniumLibrary">
<msg time="2024-11-14T19:17:23.976021" level="INFO">Opening url 'http://localhost:5001'</msg>
<arg>${HOME_URL}</arg>
<doc>Navigates the current browser window to the provided ``url``.</doc>
<status status="PASS" start="2024-11-14T19:17:23.975866" elapsed="0.029224"/>
</kw>
<kw name="Click Button" owner="SeleniumLibrary">
<msg time="2024-11-14T19:17:24.005605" level="INFO">Clicking button 'Nollaa'.</msg>
<arg>Nollaa</arg>
<doc>Clicks the button identified by ``locator``.</doc>
<status status="PASS" start="2024-11-14T19:17:24.005372" elapsed="0.047433"/>
</kw>
<kw name="Page Should Contain" owner="SeleniumLibrary">
<msg time="2024-11-14T19:17:24.065499" level="INFO">Current page contains text 'nappia painettu 0 kertaa'.</msg>
<arg>nappia painettu 0 kertaa</arg>
<doc>Verifies that current page contains ``text``.</doc>
<status status="PASS" start="2024-11-14T19:17:24.053135" elapsed="0.012590"/>
</kw>
<status status="PASS" start="2024-11-14T19:17:23.975508" elapsed="0.090697"/>
</test>
<kw name="Close Browser" owner="SeleniumLibrary" type="TEARDOWN">
<doc>Closes the current browser.</doc>
<status status="PASS" start="2024-11-14T19:17:24.067092" elapsed="0.060653"/>
</kw>
<status status="PASS" start="2024-11-14T19:17:23.738565" elapsed="0.389319"/>
</suite>
<status status="PASS" start="2024-11-14T19:17:23.247676" elapsed="0.881025"/>
</suite>
<statistics>
<total>
<stat pass="3" fail="0" skip="0">All Tests</stat>
</total>
<tag>
</tag>
<suite>
<stat pass="3" fail="0" skip="0" id="s1" name="Tests">Tests</stat>
<stat pass="2" fail="0" skip="0" id="s1-s1" name="Increment">Tests.Increment</stat>
<stat pass="1" fail="0" skip="0" id="s1-s2" name="Reset">Tests.Reset</stat>
</suite>
</statistics>
<errors>
<msg time="2024-11-14T19:17:23.358598" level="WARN">The chromedriver version (130.0.6723.91) detected in PATH at /usr/bin/chromedriver might not be compatible with the detected chrome version (131.0.6778.69); currently, chromedriver 131.0.6778.69 is recommended for chrome 131.*, so it is advised to delete the driver in PATH and retry</msg>
<msg time="2024-11-14T19:17:23.788732" level="WARN">The chromedriver version (130.0.6723.91) detected in PATH at /usr/bin/chromedriver might not be compatible with the detected chrome version (131.0.6778.69); currently, chromedriver 131.0.6778.69 is recommended for chrome 131.*, so it is advised to delete the driver in PATH and retry</msg>
</errors>
</robot>
